wandb: Appending key for api.wandb.ai to your netrc file: /home/rana.elsadig/.netrc
wandb: W&B API key is configured. Use `wandb login --relogin` to force relogin
wandb: Using wandb-core as the SDK backend.  Please refer to https://wandb.me/wandb-core for more information.
wandb: Currently logged in as: relsadig (destinsaba-fun) to https://api.wandb.ai. Use `wandb login --relogin` to force relogin
wandb: Tracking run with wandb version 0.19.8
wandb: Run data is saved locally in /home/rana.elsadig/ASL_Alphabet_Classifier/wandb/run-20250312_110637-vy2cqez2
wandb: Run `wandb offline` to turn off syncing.
wandb: Syncing run deft-tree-9
wandb: ⭐️ View project at https://wandb.ai/destinsaba-fun/ASL%20Classifier
wandb: 🚀 View run at https://wandb.ai/destinsaba-fun/ASL%20Classifier/runs/vy2cqez2
cuda:0
['A', 'B', 'C', 'D', 'E', 'F', 'G', 'H', 'I', 'J', 'K', 'L', 'M', 'N', 'O', 'P', 'Q', 'R', 'S', 'T', 'U', 'V', 'W', 'X', 'Y', 'Z', 'del', 'nothing', 'space']
Train set: 55680
Val set: 13920
Test set: 17440
1,  train loss: 0.435, val loss: 0.225
Saving model
2,  train loss: 0.158, val loss: 0.177
Saving model
3,  train loss: 0.119, val loss: 0.116
Saving model
4,  train loss: 0.095, val loss: 0.075
Saving model
5,  train loss: 0.079, val loss: 0.079
6,  train loss: 0.069, val loss: 0.071
Saving model
7,  train loss: 0.058, val loss: 0.067
Saving model
8,  train loss: 0.053, val loss: 0.062
Saving model
9,  train loss: 0.045, val loss: 0.042
Saving model
10,  train loss: 0.040, val loss: 0.054
11,  train loss: 0.035, val loss: 0.045
12,  train loss: 0.034, val loss: 0.035
Saving model
13,  train loss: 0.029, val loss: 0.032
Saving model
14,  train loss: 0.027, val loss: 0.034
15,  train loss: 0.025, val loss: 0.028
Saving model
16,  train loss: 0.024, val loss: 0.029
17,  train loss: 0.021, val loss: 0.025
Saving model
18,  train loss: 0.021, val loss: 0.023
Saving model
19,  train loss: 0.019, val loss: 0.024
20,  train loss: 0.018, val loss: 0.024
21,  train loss: 0.018, val loss: 0.019
Saving model
22,  train loss: 0.016, val loss: 0.017
Saving model
23,  train loss: 0.015, val loss: 0.018
24,  train loss: 0.016, val loss: 0.018
25,  train loss: 0.014, val loss: 0.017
Saving model
26,  train loss: 0.013, val loss: 0.019
27,  train loss: 0.014, val loss: 0.015
Saving model
28,  train loss: 0.013, val loss: 0.013
Saving model
29,  train loss: 0.012, val loss: 0.015
30,  train loss: 0.012, val loss: 0.015
31,  train loss: 0.012, val loss: 0.013
32,  train loss: 0.012, val loss: 0.014
33,  train loss: 0.012, val loss: 0.015
Early stopping triggered after 5 epochs of no improvement in validation loss.
Finished Training
Starting Testing
Accuracy of the network on the test images: 99.47211383979803 %
17428
[1;34mwandb[0m: 
[1;34mwandb[0m: 🚀 View run [33mdeft-tree-9[0m at: [34mhttps://wandb.ai/destinsaba-fun/ASL%20Classifier/runs/vy2cqez2[0m
[1;34mwandb[0m: Find logs at: [1;35mwandb/run-20250312_110637-vy2cqez2/logs[0m
